<?xml version="1.0" encoding="UTF-8"?>
<testng-results ignored="0" total="1" passed="1" failed="0" skipped="0">
  <reporter-output>
  </reporter-output>
  <suite started-at="2022-01-14T01:13:34 EST" name="Default suite" finished-at="2022-01-14T01:13:40 EST" duration-ms="5630">
    <groups>
    </groups>
    <test started-at="2022-01-14T01:13:34 EST" name="Default test" finished-at="2022-01-14T01:13:40 EST" duration-ms="5630">
      <class name="tests.Newtest">
        <test-method is-config="true" signature="beforeClass()[pri:0, instance:tests.Newtest@1c93084c]" started-at="2022-01-14T01:13:34 EST" name="beforeClass" finished-at="2022-01-14T01:13:38 EST" duration-ms="3660" status="PASS">
          <reporter-output>
          </reporter-output>
        </test-method> <!-- beforeClass -->
        <test-method signature="openMyBlog()[pri:0, instance:tests.Newtest@1c93084c]" started-at="2022-01-14T01:13:38 EST" name="openMyBlog" finished-at="2022-01-14T01:13:39 EST" duration-ms="1264" status="PASS">
          <reporter-output>
          </reporter-output>
        </test-method> <!-- openMyBlog -->
        <test-method is-config="true" signature="afterClass()[pri:0, instance:tests.Newtest@1c93084c]" started-at="2022-01-14T01:13:39 EST" name="afterClass" finished-at="2022-01-14T01:13:40 EST" duration-ms="676" status="PASS">
          <reporter-output>
          </reporter-output>
        </test-method> <!-- afterClass -->
      </class> <!-- tests.Newtest -->
    </test> <!-- Default test -->
  </suite> <!-- Default suite -->
</testng-results>
